<?xml version="1.0" encoding="UTF-8"?>
<testng-results total="1" passed="1" failed="0" skipped="0">
  <reporter-output>
    <line>
      <![CDATA[Application opened]]>
    </line>
  </reporter-output>
  <suite started-at="2022-10-11T10:23:34Z" name="Default suite" finished-at="2022-10-11T10:23:44Z" duration-ms="10696">
    <groups>
    </groups>
    <test started-at="2022-10-11T10:23:34Z" name="Default test" finished-at="2022-10-11T10:23:44Z" duration-ms="10696">
      <class name="wd_testng_testsuite_log4j.TC002">
        <test-method signature="tc002()[pri:0, instance:wd_testng_testsuite_log4j.TC002@38604b81]" started-at="2022-10-11T03:23:34Z" name="tc002" finished-at="2022-10-11T03:23:44Z" duration-ms="10681" status="PASS">
          <reporter-output>
            <line>
              <![CDATA[Application opened]]>
            </line>
          </reporter-output>
        </test-method> <!-- tc002 -->
      </class> <!-- wd_testng_testsuite_log4j.TC002 -->
    </test> <!-- Default test -->
  </suite> <!-- Default suite -->
</testng-results>
